Build started 12/7/2013 2:15:16 PM.
     1>Project "C:\Users\Anthony\Dropbox\Programming\C++\Neumont\GameSkeleton\Cool Text Effects\Game\Game.vcxproj" on node 2 (Build target(s)).
     1>ClCompile:
         C:\Program Files (x86)\Microsoft Visual Studio 11.0\VC\bin\CL.exe /c /I"C:\Users\Anthony\Dropbox\Programming\C++\Neumont\GameSkeleton\Cool Text Effects\\Engine" /I"C:\Users\Anthony\Dropbox\Programming\C++\Neumont\GameSkeleton\Cool Text Effects\\Core\include" /ZI /nologo /W4 /WX- /Od /Oy- /D LOG_OFF /D WIN32 /D _DEBUG /D _WINDOWS /D _UNICODE /D UNICODE /Gm /EHsc /RTC1 /MDd /GS /fp:precise /Zc:wchar_t /Zc:forScope /Fo"Debug\\" /Fd"Debug\vc110.pdb" /Gd /TP /analyze- /errorReport:prompt Letter.cpp TextParticalManager.cpp main.cpp
         TextParticalManager.cpp
     1>c:\users\anthony\dropbox\programming\c++\neumont\gameskeleton\cool text effects\game\textparticalmanager.cpp(10): error C2143: syntax error : missing ')' before ';'
     1>c:\users\anthony\dropbox\programming\c++\neumont\gameskeleton\cool text effects\game\textparticalmanager.cpp(11): warning C4390: ';' : empty controlled statement found; is this the intent?
     1>c:\users\anthony\dropbox\programming\c++\neumont\gameskeleton\cool text effects\game\textparticalmanager.cpp(23): warning C4239: nonstandard extension used : 'argument' : conversion from 'Vector2D' to 'Vector2D &'
                 A non-const reference may only be bound to an lvalue
         Generating Code...
         Compiling...
         Letter.cpp
         Generating Code...
         Skipping... (no relevant changes detected)
         main.cpp
     1>Done Building Project "C:\Users\Anthony\Dropbox\Programming\C++\Neumont\GameSkeleton\Cool Text Effects\Game\Game.vcxproj" (Build target(s)) -- FAILED.

Build FAILED.

Time Elapsed 00:00:01.93
